0 info it worked if it ends with ok
1 verbose cli [ '/usr/local/Cellar/node/4.1.1/bin/node',
1 verbose cli   '/usr/local/bin/npm',
1 verbose cli   'update' ]
2 info using npm@2.14.4
3 info using node@v4.1.1
4 silly mapToRegistry name jquery
5 silly mapToRegistry using default registry
6 silly mapToRegistry registry https://registry.npmjs.org/
7 silly mapToRegistry uri https://registry.npmjs.org/jquery
8 silly mapToRegistry name jquery.livequery
9 silly mapToRegistry using default registry
10 silly mapToRegistry registry https://registry.npmjs.org/
11 silly mapToRegistry uri https://registry.npmjs.org/jquery.livequery
12 silly mapToRegistry name bootstrap
13 silly mapToRegistry using default registry
14 silly mapToRegistry registry https://registry.npmjs.org/
15 silly mapToRegistry uri https://registry.npmjs.org/bootstrap
16 silly mapToRegistry name angular
17 silly mapToRegistry using default registry
18 silly mapToRegistry registry https://registry.npmjs.org/
19 silly mapToRegistry uri https://registry.npmjs.org/angular
20 silly mapToRegistry name angular-route
21 silly mapToRegistry using default registry
22 silly mapToRegistry registry https://registry.npmjs.org/
23 silly mapToRegistry uri https://registry.npmjs.org/angular-route
24 silly mapToRegistry name angular-sanitize
25 silly mapToRegistry using default registry
26 silly mapToRegistry registry https://registry.npmjs.org/
27 silly mapToRegistry uri https://registry.npmjs.org/angular-sanitize
28 silly mapToRegistry name angular-resource
29 silly mapToRegistry using default registry
30 silly mapToRegistry registry https://registry.npmjs.org/
31 silly mapToRegistry uri https://registry.npmjs.org/angular-resource
32 silly mapToRegistry name angular-hateoas
33 silly mapToRegistry using default registry
34 silly mapToRegistry registry https://registry.npmjs.org/
35 silly mapToRegistry uri https://registry.npmjs.org/angular-hateoas
36 silly mapToRegistry name angular-animate
37 silly mapToRegistry using default registry
38 silly mapToRegistry registry https://registry.npmjs.org/
39 silly mapToRegistry uri https://registry.npmjs.org/angular-animate
40 silly mapToRegistry name animate.css
41 silly mapToRegistry using default registry
42 silly mapToRegistry registry https://registry.npmjs.org/
43 silly mapToRegistry uri https://registry.npmjs.org/animate.css
44 silly mapToRegistry name angular-ui-router
45 silly mapToRegistry using default registry
46 silly mapToRegistry registry https://registry.npmjs.org/
47 silly mapToRegistry uri https://registry.npmjs.org/angular-ui-router
48 silly mapToRegistry name lodash
49 silly mapToRegistry using default registry
50 silly mapToRegistry registry https://registry.npmjs.org/
51 silly mapToRegistry uri https://registry.npmjs.org/lodash
52 verbose request uri https://registry.npmjs.org/jquery.livequery
53 verbose request no auth needed
54 info attempt registry request try #1 at 9:35:10 AM
55 verbose request id 382a26f6f1203e27
56 http request GET https://registry.npmjs.org/jquery.livequery
57 verbose request uri https://registry.npmjs.org/bootstrap
58 verbose request no auth needed
59 info attempt registry request try #1 at 9:35:10 AM
60 verbose etag "64H21DHS1P6S2N8QFMFAJ4USZ"
61 http request GET https://registry.npmjs.org/bootstrap
62 verbose request uri https://registry.npmjs.org/jquery
63 verbose request no auth needed
64 info attempt registry request try #1 at 9:35:10 AM
65 verbose etag "BSUOPTAVYCXEBCRZBHV8FRI7X"
66 http request GET https://registry.npmjs.org/jquery
67 verbose request uri https://registry.npmjs.org/angular-route
68 verbose request no auth needed
69 info attempt registry request try #1 at 9:35:10 AM
70 verbose etag "4EX4B9NMIIFTD5XMP46UC2B17"
71 http request GET https://registry.npmjs.org/angular-route
72 verbose request uri https://registry.npmjs.org/angular-hateoas
73 verbose request no auth needed
74 info attempt registry request try #1 at 9:35:10 AM
75 verbose etag "5FUB7ZIUB9C2X82OTKW9UOLBE"
76 http request GET https://registry.npmjs.org/angular-hateoas
77 verbose request uri https://registry.npmjs.org/angular
78 verbose request no auth needed
79 info attempt registry request try #1 at 9:35:10 AM
80 verbose etag "BUZIMIZ55FMS9XCZ1Q2IG7KA8"
81 http request GET https://registry.npmjs.org/angular
82 verbose request uri https://registry.npmjs.org/angular-sanitize
83 verbose request no auth needed
84 info attempt registry request try #1 at 9:35:10 AM
85 verbose etag "EVRF6JFFZVXOPQ3MU4O55OYE0"
86 http request GET https://registry.npmjs.org/angular-sanitize
87 verbose request uri https://registry.npmjs.org/animate.css
88 verbose request no auth needed
89 info attempt registry request try #1 at 9:35:10 AM
90 verbose etag "E9X2832YPSX00E0Y6LIP38L4O"
91 http request GET https://registry.npmjs.org/animate.css
92 verbose request uri https://registry.npmjs.org/angular-resource
93 verbose request no auth needed
94 info attempt registry request try #1 at 9:35:10 AM
95 verbose etag "3UV5QIDRICJHU63EBKLJK9W77"
96 http request GET https://registry.npmjs.org/angular-resource
97 verbose request uri https://registry.npmjs.org/angular-animate
98 verbose request no auth needed
99 info attempt registry request try #1 at 9:35:10 AM
100 verbose etag "C27M6AF5XXNDFH7SMZ1ZC44WY"
101 http request GET https://registry.npmjs.org/angular-animate
102 verbose request uri https://registry.npmjs.org/angular-ui-router
103 verbose request no auth needed
104 info attempt registry request try #1 at 9:35:10 AM
105 verbose etag "AZHR36APE5I50W1ENKMAVUQ57"
106 http request GET https://registry.npmjs.org/angular-ui-router
107 verbose request uri https://registry.npmjs.org/lodash
108 verbose request no auth needed
109 info attempt registry request try #1 at 9:35:10 AM
110 verbose etag "AB8SFJDG660E45W3QZ4I8B3Y3"
111 http request GET https://registry.npmjs.org/lodash
112 http 304 https://registry.npmjs.org/bootstrap
113 silly get cb [ 304,
113 silly get   { date: 'Sat, 26 Dec 2015 08:35:11 GMT',
113 silly get     via: '1.1 varnish',
113 silly get     'cache-control': 'max-age=300',
113 silly get     etag: '"64H21DHS1P6S2N8QFMFAJ4USZ"',
113 silly get     age: '224',
113 silly get     connection: 'keep-alive',
113 silly get     'x-served-by': 'cache-fra1226-FRA',
113 silly get     'x-cache': 'HIT',
113 silly get     'x-cache-hits': '1',
113 silly get     'x-timer': 'S1451118911.716382,VS0,VE0',
113 silly get     vary: 'Accept' } ]
114 verbose etag https://registry.npmjs.org/bootstrap from cache
115 verbose get saving bootstrap to /Users/nicolas/.npm/registry.npmjs.org/bootstrap/.cache.json
116 http 304 https://registry.npmjs.org/angular-animate
117 silly get cb [ 304,
117 silly get   { date: 'Sat, 26 Dec 2015 08:35:11 GMT',
117 silly get     via: '1.1 varnish',
117 silly get     'cache-control': 'max-age=300',
117 silly get     etag: '"C27M6AF5XXNDFH7SMZ1ZC44WY"',
117 silly get     age: '37',
117 silly get     connection: 'keep-alive',
117 silly get     'x-served-by': 'cache-fra1246-FRA',
117 silly get     'x-cache': 'HIT',
117 silly get     'x-cache-hits': '1',
117 silly get     'x-timer': 'S1451118911.717517,VS0,VE0',
117 silly get     vary: 'Accept' } ]
118 verbose etag https://registry.npmjs.org/angular-animate from cache
119 verbose get saving angular-animate to /Users/nicolas/.npm/registry.npmjs.org/angular-animate/.cache.json
120 http 304 https://registry.npmjs.org/angular
121 silly get cb [ 304,
121 silly get   { date: 'Sat, 26 Dec 2015 08:35:11 GMT',
121 silly get     via: '1.1 varnish',
121 silly get     'cache-control': 'max-age=300',
121 silly get     etag: '"BUZIMIZ55FMS9XCZ1Q2IG7KA8"',
121 silly get     age: '123',
121 silly get     connection: 'keep-alive',
121 silly get     'x-served-by': 'cache-fra1225-FRA',
121 silly get     'x-cache': 'HIT',
121 silly get     'x-cache-hits': '22',
121 silly get     'x-timer': 'S1451118911.720824,VS0,VE0',
121 silly get     vary: 'Accept' } ]
122 verbose etag https://registry.npmjs.org/angular from cache
123 verbose get saving angular to /Users/nicolas/.npm/registry.npmjs.org/angular/.cache.json
124 http 304 https://registry.npmjs.org/animate.css
125 silly get cb [ 304,
125 silly get   { date: 'Sat, 26 Dec 2015 08:35:11 GMT',
125 silly get     via: '1.1 varnish',
125 silly get     'cache-control': 'max-age=300',
125 silly get     etag: '"E9X2832YPSX00E0Y6LIP38L4O"',
125 silly get     age: '37',
125 silly get     connection: 'keep-alive',
125 silly get     'x-served-by': 'cache-fra1240-FRA',
125 silly get     'x-cache': 'HIT',
125 silly get     'x-cache-hits': '1',
125 silly get     'x-timer': 'S1451118911.720936,VS0,VE0',
125 silly get     vary: 'Accept' } ]
126 verbose etag https://registry.npmjs.org/animate.css from cache
127 verbose get saving animate.css to /Users/nicolas/.npm/registry.npmjs.org/animate.css/.cache.json
128 http 304 https://registry.npmjs.org/angular-sanitize
129 silly get cb [ 304,
129 silly get   { date: 'Sat, 26 Dec 2015 08:35:11 GMT',
129 silly get     via: '1.1 varnish',
129 silly get     'cache-control': 'max-age=300',
129 silly get     etag: '"EVRF6JFFZVXOPQ3MU4O55OYE0"',
129 silly get     age: '124',
129 silly get     connection: 'keep-alive',
129 silly get     'x-served-by': 'cache-fra1221-FRA',
129 silly get     'x-cache': 'HIT',
129 silly get     'x-cache-hits': '1',
129 silly get     'x-timer': 'S1451118911.720318,VS0,VE0',
129 silly get     vary: 'Accept' } ]
130 verbose etag https://registry.npmjs.org/angular-sanitize from cache
131 verbose get saving angular-sanitize to /Users/nicolas/.npm/registry.npmjs.org/angular-sanitize/.cache.json
132 http 304 https://registry.npmjs.org/angular-hateoas
133 silly get cb [ 304,
133 silly get   { date: 'Sat, 26 Dec 2015 08:35:11 GMT',
133 silly get     via: '1.1 varnish',
133 silly get     'cache-control': 'max-age=300',
133 silly get     etag: '"5FUB7ZIUB9C2X82OTKW9UOLBE"',
133 silly get     age: '37',
133 silly get     connection: 'keep-alive',
133 silly get     'x-served-by': 'cache-fra1246-FRA',
133 silly get     'x-cache': 'HIT',
133 silly get     'x-cache-hits': '1',
133 silly get     'x-timer': 'S1451118911.724232,VS0,VE0',
133 silly get     vary: 'Accept' } ]
134 verbose etag https://registry.npmjs.org/angular-hateoas from cache
135 verbose get saving angular-hateoas to /Users/nicolas/.npm/registry.npmjs.org/angular-hateoas/.cache.json
136 http 304 https://registry.npmjs.org/angular-ui-router
137 silly get cb [ 304,
137 silly get   { date: 'Sat, 26 Dec 2015 08:35:11 GMT',
137 silly get     via: '1.1 varnish',
137 silly get     'cache-control': 'max-age=300',
137 silly get     etag: '"AZHR36APE5I50W1ENKMAVUQ57"',
137 silly get     age: '37',
137 silly get     connection: 'keep-alive',
137 silly get     'x-served-by': 'cache-fra1222-FRA',
137 silly get     'x-cache': 'HIT',
137 silly get     'x-cache-hits': '1',
137 silly get     'x-timer': 'S1451118911.724284,VS0,VE0',
137 silly get     vary: 'Accept' } ]
138 verbose etag https://registry.npmjs.org/angular-ui-router from cache
139 verbose get saving angular-ui-router to /Users/nicolas/.npm/registry.npmjs.org/angular-ui-router/.cache.json
140 http 304 https://registry.npmjs.org/angular-route
141 silly get cb [ 304,
141 silly get   { date: 'Sat, 26 Dec 2015 08:35:11 GMT',
141 silly get     via: '1.1 varnish',
141 silly get     'cache-control': 'max-age=300',
141 silly get     etag: '"4EX4B9NMIIFTD5XMP46UC2B17"',
141 silly get     age: '123',
141 silly get     connection: 'keep-alive',
141 silly get     'x-served-by': 'cache-fra1229-FRA',
141 silly get     'x-cache': 'HIT',
141 silly get     'x-cache-hits': '1',
141 silly get     'x-timer': 'S1451118911.721198,VS0,VE0',
141 silly get     vary: 'Accept' } ]
142 verbose etag https://registry.npmjs.org/angular-route from cache
143 verbose get saving angular-route to /Users/nicolas/.npm/registry.npmjs.org/angular-route/.cache.json
144 http 304 https://registry.npmjs.org/angular-resource
145 silly get cb [ 304,
145 silly get   { date: 'Sat, 26 Dec 2015 08:35:11 GMT',
145 silly get     via: '1.1 varnish',
145 silly get     'cache-control': 'max-age=300',
145 silly get     etag: '"3UV5QIDRICJHU63EBKLJK9W77"',
145 silly get     age: '37',
145 silly get     connection: 'keep-alive',
145 silly get     'x-served-by': 'cache-fra1230-FRA',
145 silly get     'x-cache': 'HIT',
145 silly get     'x-cache-hits': '1',
145 silly get     'x-timer': 'S1451118911.733385,VS0,VE0',
145 silly get     vary: 'Accept' } ]
146 verbose etag https://registry.npmjs.org/angular-resource from cache
147 verbose get saving angular-resource to /Users/nicolas/.npm/registry.npmjs.org/angular-resource/.cache.json
148 http 304 https://registry.npmjs.org/jquery
149 silly get cb [ 304,
149 silly get   { date: 'Sat, 26 Dec 2015 08:35:11 GMT',
149 silly get     via: '1.1 varnish',
149 silly get     'cache-control': 'max-age=300',
149 silly get     etag: '"BSUOPTAVYCXEBCRZBHV8FRI7X"',
149 silly get     age: '5',
149 silly get     connection: 'keep-alive',
149 silly get     'x-served-by': 'cache-fra1239-FRA',
149 silly get     'x-cache': 'HIT',
149 silly get     'x-cache-hits': '1',
149 silly get     'x-timer': 'S1451118911.730731,VS0,VE0',
149 silly get     vary: 'Accept' } ]
150 verbose etag https://registry.npmjs.org/jquery from cache
151 verbose get saving jquery to /Users/nicolas/.npm/registry.npmjs.org/jquery/.cache.json
152 http 304 https://registry.npmjs.org/lodash
153 silly get cb [ 304,
153 silly get   { date: 'Sat, 26 Dec 2015 08:35:11 GMT',
153 silly get     via: '1.1 varnish',
153 silly get     'cache-control': 'max-age=300',
153 silly get     etag: '"AB8SFJDG660E45W3QZ4I8B3Y3"',
153 silly get     age: '298',
153 silly get     connection: 'keep-alive',
153 silly get     'x-served-by': 'cache-fra1234-FRA',
153 silly get     'x-cache': 'HIT',
153 silly get     'x-cache-hits': '9',
153 silly get     'x-timer': 'S1451118911.733600,VS0,VE0',
153 silly get     vary: 'Accept' } ]
154 verbose etag https://registry.npmjs.org/lodash from cache
155 verbose get saving lodash to /Users/nicolas/.npm/registry.npmjs.org/lodash/.cache.json
156 http 404 https://registry.npmjs.org/jquery.livequery
157 verbose headers { 'content-type': 'application/json',
157 verbose headers   'cache-control': 'max-age=0',
157 verbose headers   'content-length': '2',
157 verbose headers   'accept-ranges': 'bytes',
157 verbose headers   date: 'Sat, 26 Dec 2015 08:35:12 GMT',
157 verbose headers   via: '1.1 varnish',
157 verbose headers   age: '0',
157 verbose headers   connection: 'keep-alive',
157 verbose headers   'x-served-by': 'cache-fra1235-FRA',
157 verbose headers   'x-cache': 'MISS',
157 verbose headers   'x-cache-hits': '0',
157 verbose headers   'x-timer': 'S1451118911.725225,VS0,VE406' }
158 silly get cb [ 404,
158 silly get   { 'content-type': 'application/json',
158 silly get     'cache-control': 'max-age=0',
158 silly get     'content-length': '2',
158 silly get     'accept-ranges': 'bytes',
158 silly get     date: 'Sat, 26 Dec 2015 08:35:12 GMT',
158 silly get     via: '1.1 varnish',
158 silly get     age: '0',
158 silly get     connection: 'keep-alive',
158 silly get     'x-served-by': 'cache-fra1235-FRA',
158 silly get     'x-cache': 'MISS',
158 silly get     'x-cache-hits': '0',
158 silly get     'x-timer': 'S1451118911.725225,VS0,VE406' } ]
159 verbose stack Error: Registry returned 404 for GET on https://registry.npmjs.org/jquery.livequery
159 verbose stack     at makeError (/usr/local/lib/node_modules/npm/node_modules/npm-registry-client/lib/request.js:263:12)
159 verbose stack     at CachingRegistryClient.<anonymous> (/usr/local/lib/node_modules/npm/node_modules/npm-registry-client/lib/request.js:241:14)
159 verbose stack     at Request._callback (/usr/local/lib/node_modules/npm/node_modules/npm-registry-client/lib/request.js:171:14)
159 verbose stack     at Request.self.callback (/usr/local/lib/node_modules/npm/node_modules/request/request.js:198:22)
159 verbose stack     at emitTwo (events.js:87:13)
159 verbose stack     at Request.emit (events.js:172:7)
159 verbose stack     at Request.<anonymous> (/usr/local/lib/node_modules/npm/node_modules/request/request.js:1073:14)
159 verbose stack     at emitOne (events.js:82:20)
159 verbose stack     at Request.emit (events.js:169:7)
159 verbose stack     at IncomingMessage.<anonymous> (/usr/local/lib/node_modules/npm/node_modules/request/request.js:1019:12)
160 verbose statusCode 404
161 verbose pkgid jquery.livequery
162 verbose cwd /Users/nicolas/Entwicklung/docker/wordpress/wp-content/themes/pragmatics
163 error Darwin 15.2.0
164 error argv "/usr/local/Cellar/node/4.1.1/bin/node" "/usr/local/bin/npm" "update"
165 error node v4.1.1
166 error npm  v2.14.4
167 error code E404
168 error 404 Registry returned 404 for GET on https://registry.npmjs.org/jquery.livequery
168 error 404
168 error 404 'jquery.livequery' is not in the npm registry.
168 error 404 You should bug the author to publish it (or use the name yourself!)
168 error 404
168 error 404 Note that you can also install from a
168 error 404 tarball, folder, http url, or git url.
169 verbose exit [ 1, true ]
